<?xml version="1.0" encoding="UTF-8" ?>
<testsuites id="2025-11-10" name="report_1" tests="1" failures="2" skipped="0" flaky="0" time="0.000">
	<testsuite id="0" name="character_test" package="character" timestamp="2025-11-11T03:28:22" hostname="localhost" tests="1" failures="2" errors="0" skipped="0" flaky="0" time="0.028">
		<testcase name="test_when_both_are_warp_2" classname="character.test" time="0.023">
			<failure message="FAILED: res://character/character.test.gd:32" type="FAILURE">
<![CDATA[
Expecting:
 '2'
 but was
 '1'
]]>
			</failure>
			<failure message="FAILED: res://character/character.test.gd:33" type="FAILURE">
<![CDATA[
Expecting:
 '2'
 but was
 '1'
]]>
			</failure>
		</testcase>
	</testsuite>
</testsuites>
